<?xml version="1.0" encoding="UTF-8"?>
<!-- Generated by org.testng.reporters.JUnitReportReporter -->
<testsuite hostname="DESKTOP-GNP79AJ" failures="0" tests="1" name="Sam_Samayik.scripts.TestLoginPage" time="18.320" errors="0" timestamp="2021-04-07T13:35:06 IST" skipped="0">
  <testcase classname="Sam_Samayik.scripts.TestLoginPage" name="test_Login_Page" time="18.320"/>
  <system-out/>
</testsuite> <!-- Sam_Samayik.scripts.TestLoginPage -->
