<?xml version="1.0" encoding="UTF-8"?>
<!-- Generated by org.testng.reporters.JUnitReportReporter -->
<testsuite hostname="DESKTOP-GNP79AJ" failures="0" tests="1" name="Sam_Samayik.scripts.TestCurrentNews" time="47.241" errors="0" timestamp="2021-04-07T18:26:03 IST" skipped="0">
  <testcase classname="Sam_Samayik.scripts.TestCurrentNews" name="test_Current_News" time="47.241"/>
  <system-out/>
</testsuite> <!-- Sam_Samayik.scripts.TestCurrentNews -->
