<?xml version="1.0" encoding="UTF-8"?>
<!-- Generated by org.testng.reporters.JUnitReportReporter -->
<testsuite hostname="DESKTOP-GNP79AJ" failures="0" tests="1" name="Sam_Samayik.scripts.TestPurchase" time="23.806" errors="0" timestamp="2021-04-12T17:40:10 IST" skipped="0">
  <testcase classname="Sam_Samayik.scripts.TestPurchase" name="shopOurBook" time="23.806"/>
  <system-out/>
</testsuite> <!-- Sam_Samayik.scripts.TestPurchase -->
