<?xml version="1.0" encoding="UTF-8"?>
<!-- Generated by org.testng.reporters.JUnitReportReporter -->
<testsuite hostname="DESKTOP-GNP79AJ" failures="0" tests="1" name="Sam_Samayik.scripts.TestAll" time="607.477" errors="0" timestamp="2021-04-12T10:28:57 IST" skipped="0">
  <testcase classname="Sam_Samayik.scripts.TestAll" name="all" time="607.477"/>
  <system-out/>
</testsuite> <!-- Sam_Samayik.scripts.TestAll -->
