<?xml version="1.0" encoding="UTF-8"?>
<!-- Generated by org.testng.reporters.JUnitReportReporter -->
<testsuite hostname="DESKTOP-GNP79AJ" failures="0" tests="1" name="Sam_Samayik.scripts.Test_ShopOurBook" time="75.998" errors="0" timestamp="2021-04-12T16:45:20 IST" skipped="0">
  <testcase classname="Sam_Samayik.scripts.Test_ShopOurBook" name="shopOurBook" time="75.998"/>
  <system-out/>
</testsuite> <!-- Sam_Samayik.scripts.Test_ShopOurBook -->
